<?xml version="1.0" encoding="UTF-8"?>
<testng-results ignored="0" total="5" passed="5" failed="0" skipped="0">
  <reporter-output>
  </reporter-output>
  <suite started-at="2025-05-21T13:20:34 IST" name="RestAssured" finished-at="2025-05-21T13:20:48 IST" duration-ms="13505">
    <groups>
    </groups>
    <test started-at="2025-05-21T13:20:34 IST" name="Test" finished-at="2025-05-21T13:20:48 IST" duration-ms="13505">
      <class name="day1.Schemavalidator">
        <test-method signature="getmethod()[pri:1, instance:day1.Schemavalidator@3590fc5b]" started-at="2025-05-21T13:20:34 IST" name="getmethod" finished-at="2025-05-21T13:20:42 IST" duration-ms="7305" status="PASS">
          <reporter-output>
          </reporter-output>
        </test-method> <!-- getmethod -->
      </class> <!-- day1.Schemavalidator -->
      <class name="day1.Getrequest">
        <test-method signature="deleteuser()[pri:0, instance:day1.Getrequest@2d3379b4]" started-at="2025-05-21T13:20:42 IST" name="deleteuser" finished-at="2025-05-21T13:20:43 IST" duration-ms="1289" status="PASS">
          <reporter-output>
          </reporter-output>
        </test-method> <!-- deleteuser -->
        <test-method signature="getmethod()[pri:1, instance:day1.Getrequest@2d3379b4]" started-at="2025-05-21T13:20:43 IST" name="getmethod" finished-at="2025-05-21T13:20:44 IST" duration-ms="1018" status="PASS">
          <reporter-output>
          </reporter-output>
        </test-method> <!-- getmethod -->
        <test-method signature="postmethod()[pri:2, instance:day1.Getrequest@2d3379b4]" started-at="2025-05-21T13:20:44 IST" name="postmethod" finished-at="2025-05-21T13:20:46 IST" duration-ms="1961" status="PASS">
          <reporter-output>
          </reporter-output>
        </test-method> <!-- postmethod -->
        <test-method signature="updateuser()[pri:3, instance:day1.Getrequest@2d3379b4]" started-at="2025-05-21T13:20:46 IST" name="updateuser" finished-at="2025-05-21T13:20:48 IST" depends-on-methods="day1.Getrequest.postmethod" duration-ms="1832" status="PASS">
          <reporter-output>
          </reporter-output>
        </test-method> <!-- updateuser -->
      </class> <!-- day1.Getrequest -->
    </test> <!-- Test -->
  </suite> <!-- RestAssured -->
</testng-results>
