<?xml version="1.0" encoding="UTF-8"?>
<!-- Generated by org.testng.reporters.JUnitXMLReporter -->
<testsuite ignored="0" hostname="Naganagouda" failures="0" tests="5" name="Test" time="11.774" errors="0" timestamp="2025-05-17T20:22:08 IST">
  <testcase classname="day1.Schemavalidator" name="getmethod" time="2.773"/>
  <testcase classname="day1.Getrequest" name="deleteuser" time="0.632"/>
  <testcase classname="day1.Getrequest" name="getmethod" time="5.386"/>
  <testcase classname="day1.Getrequest" name="postmethod" time="2.35"/>
  <testcase classname="day1.Getrequest" name="updateuser" time="0.556"/>
</testsuite> <!-- Test -->
