<?xml version="1.0" encoding="UTF-8"?>
<!-- Generated by org.testng.reporters.JUnitXMLReporter -->
<testsuite ignored="0" hostname="Naganagouda" failures="0" tests="5" name="Test" time="13.505" errors="0" timestamp="2025-05-21T13:20:48 IST">
  <testcase classname="day1.Schemavalidator" name="getmethod" time="7.305"/>
  <testcase classname="day1.Getrequest" name="deleteuser" time="1.289"/>
  <testcase classname="day1.Getrequest" name="getmethod" time="1.018"/>
  <testcase classname="day1.Getrequest" name="postmethod" time="1.961"/>
  <testcase classname="day1.Getrequest" name="updateuser" time="1.832"/>
</testsuite> <!-- Test -->
